This is pdfTeX, Version 3.141592653-2.6-1.40.25 (MiKTeX 23.5) (preloaded format=pdflatex 2023.7.24)  15 SEP 2024 10:23
entering extended mode
 restricted \write18 enabled.
 %&-line parsing enabled.
**"D:/D&D 3.-3.5E/The Tome - Files/The Tome - Hexenstag/the-hexenstag-tome.tex"

(D:/D&D 3.-3.5E/The Tome - Files/The Tome - Hexenstag/the-hexenstag-tome.tex
LaTeX2e <2023-06-01> patch level 1
L3 programming layer <2023-06-30>
(C:\Users\Otto\AppData\Local\Programs\MiKTeX\tex/latex/memoir\memoir.cls
Document Class: memoir 2022/11/17 v3.7.19 configurable book, report, article do
cument class
(C:\Users\Otto\AppData\Local\Programs\MiKTeX\tex/latex/etoolbox\etoolbox.sty
Package: etoolbox 2020/10/05 v2.5k e-TeX tools for LaTeX (JAW)
\etb@tempcnta=\count185
)
\onelineskip=\skip48
\lxvchars=\skip49
\xlvchars=\skip50
\@memcnta=\count186
\c@@memmarkcntra=\count187

(C:\Users\Otto\AppData\Local\Programs\MiKTeX\tex/generic/iftex\iftex.sty
Package: iftex 2022/02/03 v1.0f TeX engine tests
)
\stockheight=\dimen140
\stockwidth=\dimen141
\trimtop=\skip51
\trimedge=\skip52

(C:\Users\Otto\AppData\Local\Programs\MiKTeX\tex/latex/memoir\mem12.clo
File: mem12.clo 2022/07/29 v0.5 memoir class 12pt size option
)
\binding=\skip53
\spinemargin=\skip54
\foremargin=\skip55
\uppermargin=\skip56
\lowermargin=\skip57
\headdrop=\skip58
\normalrulethickness=\skip59
\mem@maxheadheight=\skip60
\mem@maxfootheight=\skip61
\headwidth=\skip62
\c@storedpagenumber=\count188
\memPD=\dimen142
\m@mabparskip=\skip63
\thanksmarkwidth=\skip64
\thanksmarksep=\skip65
\droptitle=\skip66
\c@book=\count189
\c@part=\count190
\c@chapter=\count191
\c@section=\count192
\c@subsection=\count193
\c@subsubsection=\count194
\c@paragraph=\count195
\c@subparagraph=\count196
\beforechapskip=\skip67
\midchapskip=\skip68
\afterchapskip=\skip69
\chapindent=\skip70
\bottomsectionskip=\skip71
\secindent=\skip72
\beforesecskip=\skip73
\aftersecskip=\skip74
\subsecindent=\skip75
\beforesubsecskip=\skip76
\aftersubsecskip=\skip77
\subsubsecindent=\skip78
\beforesubsubsecskip=\skip79
\aftersubsubsecskip=\skip80
\paraindent=\skip81
\beforeparaskip=\skip82
\afterparaskip=\skip83
\subparaindent=\skip84
\beforesubparaskip=\skip85
\aftersubparaskip=\skip86
\pfbreakskip=\skip87
\c@@ppsavesec=\count197
\c@@ppsaveapp=\count198
\ragrparindent=\dimen143
\everylistparindent=\dimen144
\parsepi=\skip88
\topsepi=\skip89
\itemsepi=\skip90
\parsepii=\skip91
\topsepii=\skip92
\topsepiii=\skip93
\itemsepii=\skip94
\itemsepiii=\skip95
\partopsepii=\skip96
\partopsepiii=\skip97
\m@msavetopsep=\skip98
\m@msavepartopsep=\skip99
\@enLab=\toks17
\abstitleskip=\skip100
\absleftindent=\skip101
\abs@leftindent=\dimen145
\absrightindent=\skip102
\absparindent=\skip103
\absparsep=\skip104
\c@vslineno=\count199
\c@poemline=\count266
\c@modulo@vs=\count267
\c@memfvsline=\count268
\vleftskip=\skip105
\vrightskip=\skip106
\stanzaskip=\skip107
\versewidth=\skip108
\vgap=\skip109
\vindent=\skip110
\vleftmargin=\dimen146
\c@verse=\count269
\c@chrsinstr=\count270
\beforepoemtitleskip=\skip111
\afterpoemtitleskip=\skip112
\c@poem=\count271
\beforePoemTitleskip=\skip113
\midPoemTitleskip=\skip114
\afterPoemTitleskip=\skip115

(C:\Users\Otto\AppData\Local\Programs\MiKTeX\tex/latex/tools\array.sty
Package: array 2022/09/04 v2.5g Tabular extension package (FMi)
\col@sep=\dimen147
\ar@mcellbox=\box51
\extrarowheight=\dimen148
\NC@list=\toks18
\extratabsurround=\skip116
\backup@length=\skip117
\ar@cellbox=\box52
)
(C:\Users\Otto\AppData\Local\Programs\MiKTeX\tex/latex/tools\dcolumn.sty
Package: dcolumn 2014/10/28 v1.06 decimal alignment package (DPC)
)
(C:\Users\Otto\AppData\Local\Programs\MiKTeX\tex/latex/tools\delarray.sty
Package: delarray 2014/10/28 v1.01 array delimiter package (DPC)
)
(C:\Users\Otto\AppData\Local\Programs\MiKTeX\tex/latex/tools\tabularx.sty
Package: tabularx 2020/01/15 v2.11c `tabularx' package (DPC)
\TX@col@width=\dimen149
\TX@old@table=\dimen150
\TX@old@col=\dimen151
\TX@target=\dimen152
\TX@delta=\dimen153
\TX@cols=\count272
\TX@ftn=\toks19
)
\heavyrulewidth=\dimen154
\lightrulewidth=\dimen155
\cmidrulewidth=\dimen156
\belowrulesep=\dimen157
\belowbottomsep=\dimen158
\aboverulesep=\dimen159
\abovetopsep=\dimen160
\cmidrulesep=\dimen161
\cmidrulekern=\dimen162
\defaultaddspace=\dimen163
\@cmidla=\count273
\@cmidlb=\count274
\@aboverulesep=\dimen164
\@belowrulesep=\dimen165
\@thisruleclass=\count275
\@lastruleclass=\count276
\@thisrulewidth=\dimen166
\ctableftskip=\skip118
\ctabrightskip=\skip119
\abovecolumnspenalty=\count277
\@linestogo=\count278
\@cellstogo=\count279
\@cellsincolumn=\count280
\crtok=\toks20
\@mincolumnwidth=\dimen167
\c@newflo@tctr=\count281
\mem@margin@floatbox=\box53
\@contcwidth=\skip120
\@contindw=\skip121
\abovecaptionskip=\skip122
\belowcaptionskip=\skip123
\subfloattopskip=\skip124
\subfloatcapskip=\skip125
\subfloatcaptopadj=\skip126
\subfloatbottomskip=\skip127
\subfloatlabelskip=\skip128
\subfloatcapmargin=\dimen168
\c@@contsubnum=\count282
\m@mscap@capbox=\box54
\m@mscap@fbox=\box55
\sidecapsep=\dimen169
\sidecapwidth=\dimen170
\m@m@tempdima=\dimen171
\m@mscapraise=\dimen172
\sidecapraise=\dimen173
\m@mscapmainwidth=\dimen174
\m@mscaplkern=\dimen175
\beforeepigraphskip=\skip129
\afterepigraphskip=\skip130
\epigraphwidth=\skip131
\epigraphrule=\skip132
LaTeX Info: Redefining \em on input line 7655.
LaTeX Info: Redefining \emph on input line 7663.
\tocentryskip=\skip133
\tocbaseline=\skip134
\cftparskip=\skip135
\cftbeforebookskip=\skip136
\cftbookindent=\dimen176
\cftbooknumwidth=\dimen177
\cftbeforepartskip=\skip137
\cftpartindent=\skip138
\cftpartnumwidth=\skip139
\cftbeforechapterskip=\skip140
\cftchapterindent=\skip141
\cftchapternumwidth=\skip142
\cftbeforesectionskip=\skip143
\cftsectionindent=\skip144
\cftsectionnumwidth=\skip145
\cftbeforesubsectionskip=\skip146
\cftsubsectionindent=\skip147
\cftsubsectionnumwidth=\skip148
\cftbeforesubsubsectionskip=\skip149
\cftsubsubsectionindent=\skip150
\cftsubsubsectionnumwidth=\skip151
\cftbeforeparagraphskip=\skip152
\cftparagraphindent=\skip153
\cftparagraphnumwidth=\skip154
\cftbeforesubparagraphskip=\skip155
\cftsubparagraphindent=\skip156
\cftsubparagraphnumwidth=\skip157
\prechapterprecisshift=\dimen178
\c@maxsecnumdepth=\count283
\bibindent=\dimen179
\bibitemsep=\skip158
\indexcolsep=\skip159
\indexrule=\skip160
\indexmarkstyle=\toks21
\@indexbox=\insert252
\glossarycolsep=\dimen180
\glossaryrule=\dimen181
\sideparvshift=\skip161
\sideins=\insert251
\sidebartopsep=\skip162
\sidebarhsep=\skip163
\sidebarvsep=\skip164
\sidebarwidth=\skip165
\footmarkwidth=\skip166
\footmarksep=\skip167
\footparindent=\skip168
\footinsdim=\skip169
\footinsv@r=\insert250
\@mpfootinsv@r=\insert249
\m@m@k=\count284
\m@m@h=\dimen182
\m@mipn@skip=\skip170
\sidefootins=\insert248
\sidefootadjust=\skip171
\sidefootheight=\skip172
\sidefoothsep=\skip173
\sidefootvsep=\skip174
\sidefootwidth=\skip175
\m@mdownsf=\skip176
\c@sidefootnote=\count285
\sidefootmarkwidth=\skip177
\sidefootmarksep=\skip178
\sidefootparindent=\skip179
\c@pagenote=\count286
\c@pagenoteshadow=\count287
\mem@pn@lastkern=\skip180
\every@verbatim=\toks22
\afterevery@verbatim=\toks23
\verbatim@line=\toks24
\tab@position=\count288
\verbatim@in@stream=\read2
\verbatimindent=\skip181
\verbatim@out=\write3
\bvboxsep=\skip182
\c@memfbvline=\count289
\c@bvlinectr=\count290
\bvnumlength=\skip183
\fb@frw=\dimen183
\fb@frh=\dimen184
\FrameRule=\dimen185
\FrameSep=\dimen186
\c@cp@cntr=\count291
\c@ism@mctr=\count292
\c@xsm@mctr=\count293
\c@csm@mctr=\count294
\c@ksm@mctr=\count295
\c@xksm@mctr=\count296
\c@cksm@mctr=\count297
\c@msm@mctr=\count298
\c@xmsm@mctr=\count299
\c@cmsm@mctr=\count300
\c@bsm@mctr=\count301
\c@workm@mctr=\count302
\c@sheetsequence=\count303
\c@lastsheet=\count304
\c@lastpage=\count305

(C:\Users\Otto\AppData\Local\Programs\MiKTeX\tex/latex/textcase\textcase.sty
Package: textcase 2022/07/10 v1.03 Text only upper/lower case changing (DPC)
Package textcase Info: Defining Legacy names on input line 20.
)
\c@figure=\count306
\c@lofdepth=\count307
\cftbeforefigureskip=\skip184
\cftfigureindent=\skip185
\cftfigurenumwidth=\skip186
\c@table=\count308
\c@lotdepth=\count309
\cftbeforetableskip=\skip187
\cfttableindent=\skip188
\cfttablenumwidth=\skip189
Package abstract [2008/07/23] emulated by memoir.
Package appendix [2008/07/23] emulated by memoir.
Package booktabs [2016/05/16] emulated by memoir.
Package ccaption [2008/07/23] emulated by memoir.
Package changepage [2008/07/23] emulated by memoir.
Package chngcntr [2008/07/23] emulated by memoir.
Package chngpage [2008/07/23] emulated by memoir.
Package crop emulated by memoir.
Package enumerate [2008/07/23] emulated by memoir.
Package epigraph [2008/07/23] emulated by memoir.
Package ifmtarg [2008/07/23] emulated by memoir.
Package index [2008/07/23] emulated by memoir.
Package makeidx [2008/07/23] emulated by memoir.
Package moreverb [2008/07/23] emulated by memoir.
Package needspace [2008/07/23] emulated by memoir.
Package newfile [2008/07/23] emulated by memoir.
Package nextpage [2008/07/23] emulated by memoir.
Package pagenote [2008/07/23] emulated by memoir.
Package parskip [2008/07/23] emulated by memoir.
Package patchcmd [2008/07/23] emulated by memoir.
Package setspace [2008/07/23] emulated by memoir.
Package shortvrb [2008/07/23] emulated by memoir.
Package showidx [2008/07/23] emulated by memoir.
Package titleref [2008/07/23] emulated by memoir.
Package titling [2008/07/23] emulated by memoir.
Package tocbibind [2008/07/23] emulated by memoir.
Package tocloft [2008/07/23] emulated by memoir.
Package tocvsec2 [2008/07/23] emulated by memoir.
Package verbatim [2008/07/23] emulated by memoir.
Package verse [2008/07/23] emulated by memoir.
)
(C:\Users\Otto\AppData\Local\Programs\MiKTeX\tex/latex/concmath\concmath.sty
Package: concmath 1999/03/10 v2.0b LaTeX package for Concrete math fonts
LaTeX Font Info:    Redeclaring symbol font `operators' on input line 43.
LaTeX Font Info:    Overwriting symbol font `operators' in version `normal'
(Font)                  OT1/cmr/m/n --> OT1/ccr/m/n on input line 43.
LaTeX Font Info:    Overwriting symbol font `operators' in version `bold'
(Font)                  OT1/cmr/bx/n --> OT1/ccr/m/n on input line 43.
LaTeX Font Info:    Redeclaring symbol font `letters' on input line 44.
LaTeX Font Info:    Overwriting symbol font `letters' in version `normal'
(Font)                  OML/cmm/m/it --> OML/ccm/m/it on input line 44.
LaTeX Font Info:    Overwriting symbol font `letters' in version `bold'
(Font)                  OML/cmm/b/it --> OML/ccm/m/it on input line 44.
LaTeX Font Info:    Redeclaring symbol font `symbols' on input line 45.
LaTeX Font Info:    Overwriting symbol font `symbols' in version `normal'
(Font)                  OMS/cmsy/m/n --> OMS/ccsy/m/n on input line 45.
LaTeX Font Info:    Overwriting symbol font `symbols' in version `bold'
(Font)                  OMS/cmsy/b/n --> OMS/ccsy/m/n on input line 45.
LaTeX Font Info:    Redeclaring symbol font `largesymbols' on input line 46.
LaTeX Font Info:    Overwriting symbol font `largesymbols' in version `normal'
(Font)                  OMX/cmex/m/n --> OMX/ccex/m/n on input line 46.
LaTeX Font Info:    Overwriting symbol font `largesymbols' in version `bold'
(Font)                  OMX/cmex/m/n --> OMX/ccex/m/n on input line 46.
LaTeX Font Info:    Overwriting symbol font `operators' in version `bold'
(Font)                  OT1/ccr/m/n --> OT1/ccr/bx/n on input line 47.
LaTeX Font Info:    Overwriting symbol font `letters' in version `bold'
(Font)                  OML/ccm/m/it --> OML/ccm/b/it on input line 48.
LaTeX Font Info:    Overwriting symbol font `symbols' in version `bold'
(Font)                  OMS/ccsy/m/n --> OMS/ccsy/b/n on input line 49.
LaTeX Font Info:    Redeclaring math alphabet \mathbf on input line 53.
LaTeX Font Info:    Overwriting math alphabet `\mathbf' in version `normal'
(Font)                  OT1/cmr/bx/n --> OT1/ccr/bx/n on input line 53.
LaTeX Font Info:    Overwriting math alphabet `\mathbf' in version `bold'
(Font)                  OT1/cmr/bx/n --> OT1/ccr/bx/n on input line 53.
LaTeX Font Info:    Redeclaring math alphabet \mathit on input line 54.
LaTeX Font Info:    Overwriting math alphabet `\mathit' in version `normal'
(Font)                  OT1/cmr/m/it --> OT1/ccr/m/it on input line 54.
LaTeX Font Info:    Overwriting math alphabet `\mathit' in version `bold'
(Font)                  OT1/cmr/bx/it --> OT1/ccr/m/it on input line 54.
)
(C:\Users\Otto\AppData\Local\Programs\MiKTeX\tex/latex/base\fontenc.sty
Package: fontenc 2021/04/29 v2.0v Standard LaTeX package
LaTeX Font Info:    Trying to load font information for OT1+ccr on input line 1
12.

(C:\Users\Otto\AppData\Local\Programs\MiKTeX\tex/latex/concmath\ot1ccr.fd
File: ot1ccr.fd 1999/03/10 v2.0b LaTeX font defs for Concrete math fonts
))

******************************************************
Stock height and width: 796.67715pt by 569.05511pt
Top and edge trims: 0pt and 0pt
Page height and width: 796.67715pt by 569.05511pt
Text height and width: 722.5pt by 495pt
Spine and edge margins: 36.98866pt and 36.98866pt
Upper and lower margins: 36.98866pt and 37.18849pt
Headheight and headsep: 14.5pt and 19.8738pt
Footskip: 30pt
Columnsep and columnseprule: 10pt and 0pt
Marginparsep and marginparwidth: 7pt and 22.98866pt
Sidecapsep and sidecapwidth: 7pt and 102pt
Sidebarhsep and sidebarwidth: 7pt and 102pt
Sidebarvsep and sidebartopsep: 14.5pt and 0pt
Sidebarheight: 546.64995pt
Sidefoothsep and sidefootwidth: 7pt and 102pt
Sidefootvsep and sidefootheight: 14.5pt and 546.64995pt
******************************************************

(C:\Users\Otto\AppData\Local\Programs\MiKTeX\tex/latex/ms\multitoc.sty
Package: multitoc 1999/06/08 v2.01 MultiToc Package (MS)

(C:\Users\Otto\AppData\Local\Programs\MiKTeX\tex/latex/tools\multicol.sty
Package: multicol 2023/03/30 v1.9f multicolumn formatting (FMi)
\c@tracingmulticols=\count310
\mult@box=\box56
\multicol@leftmargin=\dimen187
\c@unbalance=\count311
\c@collectmore=\count312
\doublecol@number=\count313
\multicoltolerance=\count314
\multicolpretolerance=\count315
\full@width=\dimen188
\page@free=\dimen189
\premulticols=\dimen190
\postmulticols=\dimen191
\multicolsep=\skip190
\multicolbaselineskip=\skip191
\partial@page=\box57
\last@line=\box58
\mc@boxedresult=\box59
\maxbalancingoverflow=\dimen192
\mult@rightbox=\box60
\mult@grightbox=\box61
\mult@firstbox=\box62
\mult@gfirstbox=\box63
\@tempa=\box64
\@tempa=\box65
\@tempa=\box66
\@tempa=\box67
\@tempa=\box68
\@tempa=\box69
\@tempa=\box70
\@tempa=\box71
\@tempa=\box72
\@tempa=\box73
\@tempa=\box74
\@tempa=\box75
\@tempa=\box76
\@tempa=\box77
\@tempa=\box78
\@tempa=\box79
\@tempa=\box80
\@tempa=\box81
\@tempa=\box82
\@tempa=\box83
\@tempa=\box84
\@tempa=\box85
\@tempa=\box86
\@tempa=\box87
\@tempa=\box88
\@tempa=\box89
\@tempa=\box90
\@tempa=\box91
\@tempa=\box92
\@tempa=\box93
\@tempa=\box94
\@tempa=\box95
\@tempa=\box96
\@tempa=\box97
\@tempa=\box98
\@tempa=\box99
\c@minrows=\count316
\c@columnbadness=\count317
\c@finalcolumnbadness=\count318
\last@try=\dimen193
\multicolovershoot=\dimen194
\multicolundershoot=\dimen195
\mult@nat@firstbox=\box100
\colbreak@box=\box101
\mc@col@check@num=\count319
)
(C:\Users\Otto\AppData\Local\Programs\MiKTeX\tex/latex/base\ifthen.sty
Package: ifthen 2022/04/13 v1.1d Standard LaTeX ifthen package (DPC)
))
(C:\Users\Otto\AppData\Local\Programs\MiKTeX\tex/latex/graphics\graphicx.sty
Package: graphicx 2021/09/16 v1.2d Enhanced LaTeX Graphics (DPC,SPQR)

(C:\Users\Otto\AppData\Local\Programs\MiKTeX\tex/latex/graphics\keyval.sty
Package: keyval 2022/05/29 v1.15 key=value parser (DPC)
\KV@toks@=\toks25
)
(C:\Users\Otto\AppData\Local\Programs\MiKTeX\tex/latex/graphics\graphics.sty
Package: graphics 2022/03/10 v1.4e Standard LaTeX Graphics (DPC,SPQR)

(C:\Users\Otto\AppData\Local\Programs\MiKTeX\tex/latex/graphics\trig.sty
Package: trig 2021/08/11 v1.11 sin cos tan (DPC)
)
(C:\Users\Otto\AppData\Local\Programs\MiKTeX\tex/latex/graphics-cfg\graphics.cf
g
File: graphics.cfg 2016/06/04 v1.11 sample graphics configuration
)
Package graphics Info: Driver file: pdftex.def on input line 107.

(C:\Users\Otto\AppData\Local\Programs\MiKTeX\tex/latex/graphics-def\pdftex.def
File: pdftex.def 2022/09/22 v1.2b Graphics/color driver for pdftex
))
\Gin@req@height=\dimen196
\Gin@req@width=\dimen197
) (C:\Users\Otto\AppData\Local\Programs\MiKTeX\tex/latex/tools\longtable.sty
Package: longtable 2021-09-01 v4.17 Multi-page Table package (DPC)
\LTleft=\skip192
\LTright=\skip193
\LTpre=\skip194
\LTpost=\skip195
\LTchunksize=\count320
\LTcapwidth=\dimen198
\LT@head=\box102
\LT@firsthead=\box103
\LT@foot=\box104
\LT@lastfoot=\box105
\LT@gbox=\box106
\LT@cols=\count321
\LT@rows=\count322
\c@LT@tables=\count323
\c@LT@chunks=\count324
\LT@p@ftn=\toks26
)
(C:\Users\Otto\AppData\Local\Programs\MiKTeX\tex/latex/mdwtools\mdwlist.sty
Package: mdwlist 1996/05/02 1.1 Various list-related things
)
(C:\Users\Otto\AppData\Local\Programs\MiKTeX\tex/latex/microtype\microtype.sty
Package: microtype 2023/03/13 v3.1a Micro-typographical refinements (RS)
\MT@toks=\toks27
\MT@tempbox=\box107
\MT@count=\count325
LaTeX Info: Redefining \noprotrusionifhmode on input line 1059.
LaTeX Info: Redefining \leftprotrusion on input line 1060.
\MT@prot@toks=\toks28
LaTeX Info: Redefining \rightprotrusion on input line 1078.
LaTeX Info: Redefining \textls on input line 1368.
\MT@outer@kern=\dimen199
LaTeX Info: Redefining \textmicrotypecontext on input line 1988.
\MT@listname@count=\count326

(C:\Users\Otto\AppData\Local\Programs\MiKTeX\tex/latex/microtype\microtype-pdft
ex.def
File: microtype-pdftex.def 2023/03/13 v3.1a Definitions specific to pdftex (RS)

LaTeX Info: Redefining \lsstyle on input line 902.
LaTeX Info: Redefining \lslig on input line 902.
\MT@outer@space=\skip196
)
Package microtype Info: Loading configuration file microtype.cfg.

(C:\Users\Otto\AppData\Local\Programs\MiKTeX\tex/latex/microtype\microtype.cfg
File: microtype.cfg 2023/03/13 v3.1a microtype main configuration file (RS)
)) (C:\Users\Otto\AppData\Local\Programs\MiKTeX\tex/latex/base\textcomp.sty
Package: textcomp 2020/02/02 v2.0n Standard LaTeX package
)
(C:\Users\Otto\AppData\Local\Programs\MiKTeX\tex/latex/ulem\ulem.sty
\UL@box=\box108
\UL@hyphenbox=\box109
\UL@skip=\skip197
\UL@hook=\toks29
\UL@height=\dimen256
\UL@pe=\count327
\UL@pixel=\dimen257
\ULC@box=\box110
Package: ulem 2019/11/18
\ULdepth=\dimen258
)
(C:\Users\Otto\AppData\Local\Programs\MiKTeX\tex/latex/wrapfig\wrapfig.sty
\wrapoverhang=\dimen259
\WF@size=\dimen260
\c@WF@wrappedlines=\count328
\WF@box=\box111
\WF@everypar=\toks30
Package: wrapfig 2003/01/31  v 3.6
)
(C:\Users\Otto\AppData\Local\Programs\MiKTeX\tex/latex/xtab\xtab.sty
Package: xtab 2011/07/31 v2.3f Extended supertabular package
\c@tracingst=\count329
\PWSTcapht=\dimen261
\ST@wd=\dimen262
\ST@rightskip=\skip198
\ST@leftskip=\skip199
\ST@parfillskip=\skip256
\c@PWSTtable=\count330
\PWSTlastpage=\count331
\PWSTpenultimate=\count332
\PWSTcurpage=\count333
\PWSTtempc=\count334
\PWSTlines=\count335
\PWST@lastht=\dimen263
\PWST@generalht=\dimen264
\PWST@ht=\dimen265
\ST@pageleft=\dimen266
\ST@headht=\dimen267
\ST@tailht=\dimen268
\ST@pagesofar=\dimen269
\ST@pboxht=\dimen270
\ST@lineht=\dimen271
\ST@stretchht=\dimen272
\ST@prevht=\dimen273
\ST@toadd=\dimen274
\ST@dimen=\dimen275
\ST@pbox=\box112
)
(C:\Users\Otto\AppData\Local\Programs\MiKTeX\tex/latex/phonetic\phonetic.sty
\temp=\dimen276
)
(C:\Users\Otto\AppData\Local\Programs\MiKTeX\tex/latex/bbding\bbding.sty
Package: bbding 1999/04/15 v1.01 Dingbats symbols
)
(C:\Users\Otto\AppData\Local\Programs\MiKTeX\tex/latex/archaic\linearb.sty
Package: linearb 2005/06/22 v1.2 package for Linear B font
)
(C:\Users\Otto\AppData\Local\Programs\MiKTeX\tex/latex/archaic\cypriot.sty
Package: cypriot 2009/05/22 v1.2 package for Cypriot font
)
(C:\Users\Otto\AppData\Local\Programs\MiKTeX\tex/latex/tipa\tipa.sty
Package: tipa 2002/08/08 TIPA version 1.1

(C:\Users\Otto\AppData\Local\Programs\MiKTeX\tex/latex/base\fontenc.sty
Package: fontenc 2021/04/29 v2.0v Standard LaTeX package

(C:\Users\Otto\AppData\Local\Programs\MiKTeX\tex/latex/tipa\t3enc.def
File: t3enc.def 2001/12/31 T3 encoding
Now handling font encoding T3 ...
... no UTF-8 mapping file for font encoding T3
LaTeX Font Info:    Font shape `OT1/ccr/bx/n' in size <12> not available
(Font)              Font shape `OT1/cmr/bx/n' tried instead on input line 356.
)))
(C:\Users\Otto\AppData\Local\Programs\MiKTeX\tex/latex/l3packages/xfrac\xfrac.s
ty (C:\Users\Otto\AppData\Local\Programs\MiKTeX\tex/latex/l3kernel\expl3.sty
Package: expl3 2023-06-30 L3 programming layer (loader) 

(C:\Users\Otto\AppData\Local\Programs\MiKTeX\tex/latex/l3backend\l3backend-pdft
ex.def
File: l3backend-pdftex.def 2023-04-19 L3 backend support: PDF output (pdfTeX)
\l__color_backend_stack_int=\count336
\l__pdf_internal_box=\box113
))
(C:\Users\Otto\AppData\Local\Programs\MiKTeX\tex/latex/amsmath\amstext.sty
Package: amstext 2021/08/26 v2.01 AMS text

(C:\Users\Otto\AppData\Local\Programs\MiKTeX\tex/latex/amsmath\amsgen.sty
File: amsgen.sty 1999/11/30 v2.0 generic functions
\@emptytoks=\toks31
\ex@=\dimen277
))
(C:\Users\Otto\AppData\Local\Programs\MiKTeX\tex/latex/l3packages/l3keys2e\l3ke
ys2e.sty
Package: l3keys2e 2023-02-02 LaTeX2e option processing using LaTeX3 keys
)
(C:\Users\Otto\AppData\Local\Programs\MiKTeX\tex/latex/l3packages/xparse\xparse
.sty
Package: xparse 2023-02-02 L3 Experimental document command parser
)
(C:\Users\Otto\AppData\Local\Programs\MiKTeX\tex/latex/l3packages/xtemplate\xte
mplate.sty
Package: xtemplate 2023-02-02 L3 Experimental prototype document functions
\l__xtemplate_tmp_dim=\dimen278
\l__xtemplate_tmp_int=\count337
\l__xtemplate_tmp_muskip=\muskip16
\l__xtemplate_tmp_skip=\skip257
)
Package: xfrac 2023-02-02 L3 Experimental split-level fractions
\l__xfrac_slash_box=\box114
\l__xfrac_tmp_box=\box115
\l__xfrac_denominator_bot_sep_dim=\dimen279
\l__xfrac_numerator_bot_sep_dim=\dimen280
\l__xfrac_numerator_top_sep_dim=\dimen281
\l__xfrac_slash_left_sep_dim=\dimen282
\l__xfrac_slash_right_sep_dim=\dimen283
\l__xfrac_slash_left_muskip=\muskip17
\l__xfrac_slash_right_muskip=\muskip18

Package xtemplate Info: Declaring object type 'xfrac' taking 3 argument(s) on
(xtemplate)             line 80.

)
(C:\Users\Otto\AppData\Local\Programs\MiKTeX\tex/latex/letltxmacro\letltxmacro.
sty
Package: letltxmacro 2019/12/03 v1.6 Let assignment for LaTeX macros (HO)
)
\the-hexenstag-tome@idxfile=\write4
\openout4 = `the-hexenstag-tome.idx'.


Writing index file the-hexenstag-tome.idx 
(C:\Users\Otto\AppData\Local\Programs\MiKTeX\tex/latex/colortbl\colortbl.sty
Package: colortbl 2022/06/20 v1.0f Color table columns (DPC)

(C:\Users\Otto\AppData\Local\Programs\MiKTeX\tex/latex/graphics\color.sty
Package: color 2022/01/06 v1.3d Standard LaTeX Color (DPC)

(C:\Users\Otto\AppData\Local\Programs\MiKTeX\tex/latex/graphics-cfg\color.cfg
File: color.cfg 2016/01/02 v1.6 sample color configuration
)
Package color Info: Driver file: pdftex.def on input line 149.

(C:\Users\Otto\AppData\Local\Programs\MiKTeX\tex/latex/graphics\mathcolor.ltx))
\everycr=\toks32
\minrowclearance=\skip258
\rownum=\count338
) (C:\Users\Otto\AppData\Local\Programs\MiKTeX\tex/latex/xcolor\xcolor.sty
Package: xcolor 2022/06/12 v2.14 LaTeX color extensions (UK)

(C:\Users\Otto\AppData\Local\Programs\MiKTeX\tex/latex/graphics-cfg\color.cfg
File: color.cfg 2016/01/02 v1.6 sample color configuration
)
Package xcolor Info: Driver file: pdftex.def on input line 227.
LaTeX Info: Redefining \color on input line 711.

(C:\Users\Otto\AppData\Local\Programs\MiKTeX\tex/latex/graphics\mathcolor.ltx)
Package xcolor Info: Model `cmy' substituted by `cmy0' on input line 1353.
Package xcolor Info: Model `hsb' substituted by `rgb' on input line 1357.
Package xcolor Info: Model `RGB' extended on input line 1369.
Package xcolor Info: Model `HTML' substituted by `rgb' on input line 1371.
Package xcolor Info: Model `Hsb' substituted by `hsb' on input line 1372.
Package xcolor Info: Model `tHsb' substituted by `hsb' on input line 1373.
Package xcolor Info: Model `HSB' substituted by `hsb' on input line 1374.
Package xcolor Info: Model `Gray' substituted by `gray' on input line 1375.
Package xcolor Info: Model `wave' substituted by `hsb' on input line 1376.
) (C:\Users\Otto\AppData\Local\Programs\MiKTeX\tex/latex/placeins\placeins.sty
Package: placeins 2005/04/18  v 2.2
)
(C:\Users\Otto\AppData\Local\Programs\MiKTeX\tex/latex/floatflt\floatflt.sty
Package: floatflt 1997/07/16 v. 1.31
\c@OptionTest=\count339
\figbox=\box116
\tabbox=\box117
\pagebox=\box118
\ffigcount=\count340
\ftabcount=\count341
\fftest=\count342
\hangcount=\count343
\nosuccesstryfig=\count344
\nosuccesstrytab=\count345
\figgutter=\dimen284
\tabgutter=\dimen285
\htdone=\dimen286
\pageht=\dimen287
\startpageht=\dimen288
\tabbredd=\dimen289
\floatfltwidth=\dimen290
\fltitemwidth=\dimen291
\outputpretest=\toks33
)
(C:\Users\Otto\AppData\Local\Programs\MiKTeX\tex/latex/anyfontsize\anyfontsize.
sty
Package: anyfontsize 2007/11/22 anyfontsize.sty by pts
)
(C:\Users\Otto\AppData\Local\Programs\MiKTeX\tex/latex/mdframed\mdframed.sty
Package: mdframed 2013/07/01 1.9b: mdframed

(C:\Users\Otto\AppData\Local\Programs\MiKTeX\tex/latex/kvoptions\kvoptions.sty
Package: kvoptions 2022-06-15 v3.15 Key value format for package options (HO)

(C:\Users\Otto\AppData\Local\Programs\MiKTeX\tex/generic/ltxcmds\ltxcmds.sty
Package: ltxcmds 2020-05-10 v1.25 LaTeX kernel commands for general use (HO)
)
(C:\Users\Otto\AppData\Local\Programs\MiKTeX\tex/latex/kvsetkeys\kvsetkeys.sty
Package: kvsetkeys 2022-10-05 v1.19 Key value parser (HO)
)) (C:\Users\Otto\AppData\Local\Programs\MiKTeX\tex/latex/zref\zref-abspage.sty
Package: zref-abspage 2022-04-07 v2.34 Module abspage for zref (HO)

(C:\Users\Otto\AppData\Local\Programs\MiKTeX\tex/latex/zref\zref-base.sty
Package: zref-base 2022-04-07 v2.34 Module base for zref (HO)

(C:\Users\Otto\AppData\Local\Programs\MiKTeX\tex/generic/infwarerr\infwarerr.st
y
Package: infwarerr 2019/12/03 v1.5 Providing info/warning/error messages (HO)
)
(C:\Users\Otto\AppData\Local\Programs\MiKTeX\tex/generic/kvdefinekeys\kvdefinek
eys.sty
Package: kvdefinekeys 2019-12-19 v1.6 Define keys (HO)
)
(C:\Users\Otto\AppData\Local\Programs\MiKTeX\tex/generic/pdftexcmds\pdftexcmds.
sty
Package: pdftexcmds 2020-06-27 v0.33 Utility functions of pdfTeX for LuaTeX (HO
)
Package pdftexcmds Info: \pdf@primitive is available.
Package pdftexcmds Info: \pdf@ifprimitive is available.
Package pdftexcmds Info: \pdfdraftmode found.
)
(C:\Users\Otto\AppData\Local\Programs\MiKTeX\tex/generic/etexcmds\etexcmds.sty
Package: etexcmds 2019/12/15 v1.7 Avoid name clashes with e-TeX commands (HO)
) (C:\Users\Otto\AppData\Local\Programs\MiKTeX\tex/latex/auxhook\auxhook.sty
Package: auxhook 2019-12-17 v1.6 Hooks for auxiliary files (HO)
)
Package zref Info: New property list: main on input line 767.
Package zref Info: New property: default on input line 768.
Package zref Info: New property: page on input line 769.
)
(C:\Users\Otto\AppData\Local\Programs\MiKTeX\tex/latex/base\atbegshi-ltx.sty
Package: atbegshi-ltx 2021/01/10 v1.0c Emulation of the original atbegshi
package with kernel methods
)
\c@abspage=\count346
Package zref Info: New property: abspage on input line 65.
)
\mdf@templength=\skip259
\c@mdf@globalstyle@cnt=\count347
\mdf@skipabove@length=\skip260
\mdf@skipbelow@length=\skip261
\mdf@leftmargin@length=\skip262
\mdf@rightmargin@length=\skip263
\mdf@innerleftmargin@length=\skip264
\mdf@innerrightmargin@length=\skip265
\mdf@innertopmargin@length=\skip266
\mdf@innerbottommargin@length=\skip267
\mdf@splittopskip@length=\skip268
\mdf@splitbottomskip@length=\skip269
\mdf@outermargin@length=\skip270
\mdf@innermargin@length=\skip271
\mdf@linewidth@length=\skip272
\mdf@innerlinewidth@length=\skip273
\mdf@middlelinewidth@length=\skip274
\mdf@outerlinewidth@length=\skip275
\mdf@roundcorner@length=\skip276
\mdf@footenotedistance@length=\skip277
\mdf@userdefinedwidth@length=\skip278
\mdf@needspace@length=\skip279
\mdf@frametitleaboveskip@length=\skip280
\mdf@frametitlebelowskip@length=\skip281
\mdf@frametitlerulewidth@length=\skip282
\mdf@frametitleleftmargin@length=\skip283
\mdf@frametitlerightmargin@length=\skip284
\mdf@shadowsize@length=\skip285
\mdf@extratopheight@length=\skip286
\mdf@subtitleabovelinewidth@length=\skip287
\mdf@subtitlebelowlinewidth@length=\skip288
\mdf@subtitleaboveskip@length=\skip289
\mdf@subtitlebelowskip@length=\skip290
\mdf@subtitleinneraboveskip@length=\skip291
\mdf@subtitleinnerbelowskip@length=\skip292
\mdf@subsubtitleabovelinewidth@length=\skip293
\mdf@subsubtitlebelowlinewidth@length=\skip294
\mdf@subsubtitleaboveskip@length=\skip295
\mdf@subsubtitlebelowskip@length=\skip296
\mdf@subsubtitleinneraboveskip@length=\skip297
\mdf@subsubtitleinnerbelowskip@length=\skip298

(C:\Users\Otto\AppData\Local\Programs\MiKTeX\tex/latex/mdframed\md-frame-0.mdf
File: md-frame-0.mdf 2013/07/01\ 1.9b: md-frame-0
)
\mdf@frametitlebox=\box119
\mdf@footnotebox=\box120
\mdf@splitbox@one=\box121
\mdf@splitbox@two=\box122
\mdf@splitbox@save=\box123
\mdfsplitboxwidth=\skip299
\mdfsplitboxtotalwidth=\skip300
\mdfsplitboxheight=\skip301
\mdfsplitboxdepth=\skip302
\mdfsplitboxtotalheight=\skip303
\mdfframetitleboxwidth=\skip304
\mdfframetitleboxtotalwidth=\skip305
\mdfframetitleboxheight=\skip306
\mdfframetitleboxdepth=\skip307
\mdfframetitleboxtotalheight=\skip308
\mdffootnoteboxwidth=\skip309
\mdffootnoteboxtotalwidth=\skip310
\mdffootnoteboxheight=\skip311
\mdffootnoteboxdepth=\skip312
\mdffootnoteboxtotalheight=\skip313
\mdftotallinewidth=\skip314
\mdfboundingboxwidth=\skip315
\mdfboundingboxtotalwidth=\skip316
\mdfboundingboxheight=\skip317
\mdfboundingboxdepth=\skip318
\mdfboundingboxtotalheight=\skip319
\mdf@freevspace@length=\skip320
\mdf@horizontalwidthofbox@length=\skip321
\mdf@verticalmarginwhole@length=\skip322
\mdf@horizontalspaceofbox=\skip323
\mdfsubtitleheight=\skip324
\mdfsubsubtitleheight=\skip325
\c@mdfcountframes=\count348

****** mdframed patching \endmdf@trivlist

****** -- success******

\mdf@envdepth=\count349
\c@mdf@env@i=\count350
\c@mdf@env@ii=\count351
\c@mdf@zref@counter=\count352
Package zref Info: New property: mdf@pagevalue on input line 895.
) (C:\Users\Otto\AppData\Local\Programs\MiKTeX\tex/latex/tabu\tabu.sty
Package: tabu 2019/01/11 v2.9 - flexible LaTeX tabulars (FC+tabu-fixed)

(C:\Users\Otto\AppData\Local\Programs\MiKTeX\tex/latex/varwidth\varwidth.sty
Package: varwidth 2009/03/30 ver 0.92;  Variable-width minipages
\@vwid@box=\box124
\sift@deathcycles=\count353
\@vwid@loff=\dimen292
\@vwid@roff=\dimen293
)
\c@taburow=\count354
\tabu@nbcols=\count355
\tabu@cnt=\count356
\tabu@Xcol=\count357
\tabu@alloc=\count358
\tabu@nested=\count359
\tabu@target=\dimen294
\tabu@spreadtarget=\dimen295
\tabu@naturalX=\dimen296
\tabucolX=\dimen297
\tabu@Xsum=\dimen298
\extrarowdepth=\dimen299
\abovetabulinesep=\dimen300
\belowtabulinesep=\dimen301
\tabustrutrule=\dimen302
\tabu@thebody=\toks34
\tabu@footnotes=\toks35
\tabu@box=\box125
\tabu@arstrutbox=\box126
\tabu@hleads=\box127
\tabu@vleads=\box128
\tabu@cellskip=\skip326
)
(C:\Users\Otto\AppData\Local\Programs\MiKTeX\tex/latex/tools\afterpage.sty
Package: afterpage 2014/10/28 v1.08 After-Page Package (DPC)
\AP@output=\toks36
\AP@partial=\box129
\AP@footins=\box130
)
(C:\Users\Otto\AppData\Local\Programs\MiKTeX\tex/latex/caption\caption.sty
Package: caption 2023/03/12 v3.6j Customizing captions (AR)

(C:\Users\Otto\AppData\Local\Programs\MiKTeX\tex/latex/caption\caption3.sty
Package: caption3 2023/03/12 v2.4 caption3 kernel (AR)
\caption@tempdima=\dimen303
\captionmargin=\dimen304
\caption@leftmargin=\dimen305
\caption@rightmargin=\dimen306
\caption@width=\dimen307
\caption@indent=\dimen308
\caption@parindent=\dimen309
\caption@hangindent=\dimen310
Package caption Info: memoir document class detected.

(C:\Users\Otto\AppData\Local\Programs\MiKTeX\tex/latex/caption\caption-memoir.s
to
File: caption-memoir.sto 2022/03/02 v2.2b Adaption of the caption package to th
e memoir document class (AR)
))
\c@caption@flags=\count360
\c@continuedfloat=\count361
Package caption Info: changepage package is loaded.
\caption@adjustwidth@hsize=\dimen311
\caption@adjustwidth@linewidth=\dimen312
Package caption Info: floatflt package is loaded.
Package caption Info: longtable package is loaded.

(C:\Users\Otto\AppData\Local\Programs\MiKTeX\tex/latex/caption\ltcaption.sty
Package: ltcaption 2021/01/08 v1.4c longtable captions (AR)
)
Package caption Info: xtab package is loaded.
Package caption Info: wrapfig package is loaded.
)
(C:\Users\Otto\AppData\Local\Programs\MiKTeX\tex/latex/amsmath\amsmath.sty
Package: amsmath 2023/05/13 v2.17o AMS math features
\@mathmargin=\skip327

For additional information on amsmath, use the `?' option.
(C:\Users\Otto\AppData\Local\Programs\MiKTeX\tex/latex/amsmath\amsbsy.sty
Package: amsbsy 1999/11/29 v1.2d Bold Symbols
\pmbraise@=\dimen313
)
(C:\Users\Otto\AppData\Local\Programs\MiKTeX\tex/latex/amsmath\amsopn.sty
Package: amsopn 2022/04/08 v2.04 operator names
)
\inf@bad=\count362
LaTeX Info: Redefining \frac on input line 234.
\uproot@=\count363
\leftroot@=\count364
LaTeX Info: Redefining \overline on input line 399.
LaTeX Info: Redefining \colon on input line 410.
\classnum@=\count365
\DOTSCASE@=\count366
LaTeX Info: Redefining \ldots on input line 496.
LaTeX Info: Redefining \dots on input line 499.
LaTeX Info: Redefining \cdots on input line 620.
\Mathstrutbox@=\box131
\strutbox@=\box132
LaTeX Info: Redefining \big on input line 722.
LaTeX Info: Redefining \Big on input line 723.
LaTeX Info: Redefining \bigg on input line 724.
LaTeX Info: Redefining \Bigg on input line 725.
\big@size=\dimen314
LaTeX Font Info:    Redeclaring font encoding OML on input line 743.
LaTeX Font Info:    Redeclaring font encoding OMS on input line 744.
\macc@depth=\count367
LaTeX Info: Redefining \bmod on input line 905.
LaTeX Info: Redefining \pmod on input line 910.
LaTeX Info: Redefining \smash on input line 940.
LaTeX Info: Redefining \relbar on input line 970.
LaTeX Info: Redefining \Relbar on input line 971.
\c@MaxMatrixCols=\count368
\dotsspace@=\muskip19
\c@parentequation=\count369
\dspbrk@lvl=\count370
\tag@help=\toks37
\row@=\count371
\column@=\count372
\maxfields@=\count373
\andhelp@=\toks38
\eqnshift@=\dimen315
\alignsep@=\dimen316
\tagshift@=\dimen317
\tagwidth@=\dimen318
\totwidth@=\dimen319
\lineht@=\dimen320
\@envbody=\toks39
\multlinegap=\skip328
\multlinetaggap=\skip329
\mathdisplay@stack=\toks40
LaTeX Info: Redefining \[ on input line 2953.
LaTeX Info: Redefining \] on input line 2954.
)
(C:\Users\Otto\AppData\Local\Programs\MiKTeX\tex/latex/tabto-ltx\tabto.sty
Package: tabto 2018/12/28  v 1.4  Another tabbing mechanism
\CurrentLineWidth=\dimen321
\TabPrevPos=\dimen322
)
(C:\Users\Otto\AppData\Local\Programs\MiKTeX\tex/latex/hyperref\hyperref.sty
Package: hyperref 2023-07-08 v7.01b Hypertext links for LaTeX

(C:\Users\Otto\AppData\Local\Programs\MiKTeX\tex/generic/pdfescape\pdfescape.st
y
Package: pdfescape 2019/12/09 v1.15 Implements pdfTeX's escape features (HO)
) (C:\Users\Otto\AppData\Local\Programs\MiKTeX\tex/latex/hycolor\hycolor.sty
Package: hycolor 2020-01-27 v1.10 Color options for hyperref/bookmark (HO)
)
(C:\Users\Otto\AppData\Local\Programs\MiKTeX\tex/latex/hyperref\nameref.sty
Package: nameref 2023-08-07 v2.53 Cross-referencing by name of section

(C:\Users\Otto\AppData\Local\Programs\MiKTeX\tex/latex/refcount\refcount.sty
Package: refcount 2019/12/15 v3.6 Data extraction from label references (HO)
)
(C:\Users\Otto\AppData\Local\Programs\MiKTeX\tex/generic/gettitlestring\gettitl
estring.sty
Package: gettitlestring 2019/12/15 v1.6 Cleanup title references (HO)
)

Package nameref Warning: The definition of \label has changed! 
(nameref)                Check your packages! 
(nameref)                Replacing it with the kernel definition on input line 
145.

\c@section@level=\count374
)
\@linkdim=\dimen323
\Hy@linkcounter=\count375
\Hy@pagecounter=\count376
 (C:\Users\Otto\AppData\Local\Programs\MiKTeX\tex/latex/hyperref\pd1enc.def
File: pd1enc.def 2023-07-08 v7.01b Hyperref: PDFDocEncoding definition (HO)
Now handling font encoding PD1 ...
... no UTF-8 mapping file for font encoding PD1
)
(C:\Users\Otto\AppData\Local\Programs\MiKTeX\tex/generic/intcalc\intcalc.sty
Package: intcalc 2019/12/15 v1.3 Expandable calculations with integers (HO)
)
\Hy@SavedSpaceFactor=\count377

(C:\Users\Otto\AppData\Local\Programs\MiKTeX\tex/latex/hyperref\puenc.def
File: puenc.def 2023-07-08 v7.01b Hyperref: PDF Unicode definition (HO)
Now handling font encoding PU ...
... no UTF-8 mapping file for font encoding PU
)
Package hyperref Info: Option `final' set `true' on input line 4050.
Package hyperref Info: Option `colorlinks' set `true' on input line 4050.
Package hyperref Info: Hyper figures OFF on input line 4167.
Package hyperref Info: Link nesting OFF on input line 4172.
Package hyperref Info: Hyper index ON on input line 4175.
Package hyperref Info: Plain pages OFF on input line 4182.
Package hyperref Info: Backreferencing OFF on input line 4187.
Package hyperref Info: Implicit mode ON; LaTeX internals redefined.
Package hyperref Info: Bookmarks ON on input line 4434.
\c@Hy@tempcnt=\count378

(C:\Users\Otto\AppData\Local\Programs\MiKTeX\tex/latex/url\url.sty
\Urlmuskip=\muskip20
Package: url 2013/09/16  ver 3.4  Verb mode for urls, etc.
)
LaTeX Info: Redefining \url on input line 4772.
\XeTeXLinkMargin=\dimen324

(C:\Users\Otto\AppData\Local\Programs\MiKTeX\tex/generic/bitset\bitset.sty
Package: bitset 2019/12/09 v1.3 Handle bit-vector datatype (HO)

(C:\Users\Otto\AppData\Local\Programs\MiKTeX\tex/generic/bigintcalc\bigintcalc.
sty
Package: bigintcalc 2019/12/15 v1.5 Expandable calculations on big integers (HO
)
))
\Fld@menulength=\count379
\Field@Width=\dimen325
\Fld@charsize=\dimen326
Package hyperref Info: Hyper figures OFF on input line 6051.
Package hyperref Info: Link nesting OFF on input line 6056.
Package hyperref Info: Hyper index ON on input line 6059.
Package hyperref Info: backreferencing OFF on input line 6066.
Package hyperref Info: Link coloring ON on input line 6069.
Package hyperref Info: Link coloring with OCG OFF on input line 6076.
Package hyperref Info: PDF/A mode OFF on input line 6081.
\Hy@abspage=\count380
\c@Item=\count381
\c@Hfootnote=\count382
)
Package hyperref Info: Driver (autodetected): hpdftex.

(C:\Users\Otto\AppData\Local\Programs\MiKTeX\tex/latex/hyperref\hpdftex.def
File: hpdftex.def 2023-07-08 v7.01b Hyperref driver for pdfTeX

(C:\Users\Otto\AppData\Local\Programs\MiKTeX\tex/latex/base\atveryend-ltx.sty
Package: atveryend-ltx 2020/08/19 v1.0a Emulation of the original atveryend pac
kage
with kernel methods
)
\HyAnn@Count=\count383
\Fld@listcount=\count384
\c@bookmark@seq@number=\count385

(C:\Users\Otto\AppData\Local\Programs\MiKTeX\tex/latex/rerunfilecheck\rerunfile
check.sty
Package: rerunfilecheck 2022-07-10 v1.10 Rerun checks for auxiliary files (HO)

(C:\Users\Otto\AppData\Local\Programs\MiKTeX\tex/generic/uniquecounter\uniqueco
unter.sty
Package: uniquecounter 2019/12/15 v1.4 Provide unlimited unique counter (HO)
)
Package uniquecounter Info: New unique counter `rerunfilecheck' on input line 2
85.
)
\Hy@SectionHShift=\skip330
)
(C:\Users\Otto\AppData\Local\Programs\MiKTeX\tex/latex/memoir\memhfixc.sty
Package: memhfixc 2022/11/17 v1.20 nameref/hyperref package fixes for memoir cl
ass

Redoing nameref's sectioning
Redoing nameref's label
LaTeX Info: Redefining \nameref on input line 106.
\c@memhycontfloat=\count386
\c@Hpagenote=\count387
) (D:/D&D 3.-3.5E/The Tome - Files/The Tome - Hexenstag\commands.tex)
No file the-hexenstag-tome.aux.
\openout1 = `the-hexenstag-tome.aux'.

LaTeX Font Info:    Checking defaults for OML/cmm/m/it on input line 66.
LaTeX Font Info:    ... okay on input line 66.
LaTeX Font Info:    Checking defaults for OMS/cmsy/m/n on input line 66.
LaTeX Font Info:    ... okay on input line 66.
LaTeX Font Info:    Checking defaults for OT1/cmr/m/n on input line 66.
LaTeX Font Info:    ... okay on input line 66.
LaTeX Font Info:    Checking defaults for T1/cmr/m/n on input line 66.
LaTeX Font Info:    ... okay on input line 66.
LaTeX Font Info:    Checking defaults for TS1/cmr/m/n on input line 66.
LaTeX Font Info:    ... okay on input line 66.
LaTeX Font Info:    Checking defaults for OMX/cmex/m/n on input line 66.
LaTeX Font Info:    ... okay on input line 66.
LaTeX Font Info:    Checking defaults for U/cmr/m/n on input line 66.
LaTeX Font Info:    ... okay on input line 66.
LaTeX Font Info:    Checking defaults for T3/cmr/m/n on input line 66.
LaTeX Font Info:    Trying to load font information for T3+cmr on input line 66
.
(C:\Users\Otto\AppData\Local\Programs\MiKTeX\tex/latex/tipa\t3cmr.fd
File: t3cmr.fd 2001/12/31 TIPA font definitions
)
LaTeX Font Info:    ... okay on input line 66.
LaTeX Font Info:    Checking defaults for PD1/pdf/m/n on input line 66.
LaTeX Font Info:    ... okay on input line 66.
LaTeX Font Info:    Checking defaults for PU/pdf/m/n on input line 66.
LaTeX Font Info:    ... okay on input line 66.

(C:\Users\Otto\AppData\Local\Programs\MiKTeX\tex/context/base/mkii\supp-pdf.mki
i
[Loading MPS to PDF converter (version 2006.09.02).]
\scratchcounter=\count388
\scratchdimen=\dimen327
\scratchbox=\box133
\nofMPsegments=\count389
\nofMParguments=\count390
\everyMPshowfont=\toks41
\MPscratchCnt=\count391
\MPscratchDim=\dimen328
\MPnumerator=\count392
\makeMPintoPDFobject=\count393
\everyMPtoPDFconversion=\toks42
)
(C:\Users\Otto\AppData\Local\Programs\MiKTeX\tex/latex/epstopdf-pkg\epstopdf-ba
se.sty
Package: epstopdf-base 2020-01-24 v2.11 Base part for package epstopdf
Package epstopdf-base Info: Redefining graphics rule for `.eps' on input line 4
85.

(C:\Users\Otto\AppData\Local\Programs\MiKTeX\tex/latex/00miktex\epstopdf-sys.cf
g
File: epstopdf-sys.cfg 2021/03/18 v2.0 Configuration of epstopdf for MiKTeX
))
LaTeX Info: Redefining \microtypecontext on input line 66.
Package microtype Info: Applying patch `item' on input line 66.
Package microtype Info: Applying patch `toc' on input line 66.
Package microtype Info: Applying patch `eqnum' on input line 66.
Package microtype Info: Applying patch `footnote' on input line 66.
Package microtype Info: Applying patch `verbatim' on input line 66.
Package microtype Info: Generating PDF output.
Package microtype Info: Character protrusion enabled (level 2).
Package microtype Info: Using default protrusion set `alltext'.
Package microtype Info: Automatic font expansion enabled (level 2),
(microtype)             stretch: 20, shrink: 20, step: 1, non-selected.
Package microtype Info: Using default expansion set `alltext-nott'.
LaTeX Info: Redefining \showhyphens on input line 66.
Package microtype Info: No adjustment of tracking.
Package microtype Info: No adjustment of interword spacing.
Package microtype Info: No adjustment of character kerning.
Package microtype Info: Loading generic protrusion settings for font family
(microtype)             `ccr' (encoding: OT1).
(microtype)             For optimal results, create family-specific settings.
(microtype)             See the microtype manual for details.
Package caption Info: Begin \AtBeginDocument code.
Package caption Info: hyperref package is loaded.
Package caption Info: End \AtBeginDocument code.
Package hyperref Info: Link coloring ON on input line 66.
\@outlinefile=\write5
\openout5 = `the-hexenstag-tome.out'.

<cover-image.png, id=3, 1027.84pt x 1541.76pt>
File: cover-image.png Graphic file (type png)
<use cover-image.png>
Package pdftex.def Info: cover-image.png  used on input line 81.
(pdftex.def)             Requested size: 380.29485pt x 570.44228pt.
 [1

{C:/Users/Otto/AppData/Local/MiKTeX/fonts/map/pdftex/pdftex.map} <D:/D&D 3.-3.5
E/The Tome - Files/The Tome - Hexenstag/cover-image.png>]
Underfull \vbox (badness 10000) has occurred while \output is active []

 [2]
Package microtype Info: Loading generic protrusion settings for font family
(microtype)             `cmss' (encoding: OT1).
(microtype)             For optimal results, create family-specific settings.
(microtype)             See the microtype manual for details.


LaTeX Font Warning: Font shape `OT1/ccr/b/n' undefined
(Font)              using `OT1/ccr/bx/n' instead on input line 100.

LaTeX Font Info:    Font shape `OT1/ccr/bx/n' in size <24.88> not available
(Font)              Font shape `OT1/cmr/bx/n' tried instead on input line 100.
(C:\Users\Otto\AppData\Local\Programs\MiKTeX\tex/latex/microtype\mt-cmr.cfg
File: mt-cmr.cfg 2013/05/19 v2.2 microtype config. file: Computer Modern Roman 
(RS)
)
No file the-hexenstag-tome.toc.
[3]
(D:/D&D 3.-3.5E/The Tome - Files/The Tome - Hexenstag\chapter-heads/01-basics.t
ex

LaTeX Font Warning: Font shape `OT1/ccr/b/n' undefined
(Font)              using `OT1/ccr/bx/n' instead on input line 3.

LaTeX Font Info:    Font shape `OT1/ccr/bx/n' in size <32> not available
(Font)              Font shape `OT1/cmr/bx/n' tried instead on input line 3.
LaTeX Font Info:    Font shape `OT1/ccr/bx/n' in size <20> not available
(Font)              Font shape `OT1/cmr/bx/n' tried instead on input line 3.

LaTeX Font Warning: Font shape `OT1/ccr/b/n' undefined
(Font)              using `OT1/ccr/bx/n' instead on input line 7.

LaTeX Font Info:    Font shape `OT1/ccr/bx/n' in size <17.28> not available
(Font)              Font shape `OT1/cmr/bx/n' tried instead on input line 7.

LaTeX Font Warning: Font shape `OT1/ccr/b/n' undefined
(Font)              using `OT1/ccr/bx/n' instead on input line 9.

LaTeX Font Info:    Font shape `OT1/ccr/bx/n' in size <14.4> not available
(Font)              Font shape `OT1/cmr/bx/n' tried instead on input line 9.
LaTeX Font Info:    Trying to load font information for TS1+cmss on input line 
12.
(C:\Users\Otto\AppData\Local\Programs\MiKTeX\tex/latex/base\ts1cmss.fd
File: ts1cmss.fd 2023/04/13 v2.5m Standard LaTeX font definitions
)
Package microtype Info: Loading generic protrusion settings for font family
(microtype)             `cmss' (encoding: TS1).
(microtype)             For optimal results, create family-specific settings.
(microtype)             See the microtype manual for details.


LaTeX Font Warning: Font shape `OT1/ccr/b/n' undefined
(Font)              using `OT1/ccr/bx/n' instead on input line 19.


LaTeX Font Warning: Font shape `OT1/ccr/b/n' undefined
(Font)              using `OT1/ccr/bx/n' instead on input line 24.


LaTeX Font Warning: Font shape `OT1/ccr/b/n' undefined
(Font)              using `OT1/ccr/bx/n' instead on input line 28.


LaTeX Font Warning: Font shape `OT1/ccr/b/n' undefined
(Font)              using `OT1/ccr/bx/n' instead on input line 33.


LaTeX Font Warning: Font shape `OT1/ccr/b/n' undefined
(Font)              using `OT1/ccr/bx/n' instead on input line 35.

[4


{C:/Users/Otto/AppData/Local/Programs/MiKTeX/fonts/enc/dvips/cm-super/cm-super-
ts1.enc}]
LaTeX Font Info:    Trying to load font information for OML+ccm on input line 4
3.

(C:\Users\Otto\AppData\Local\Programs\MiKTeX\tex/latex/concmath\omlccm.fd
File: omlccm.fd 1999/03/10 v2.0b LaTeX font defs for Concrete math fonts
)
LaTeX Font Info:    Trying to load font information for OMS+ccsy on input line 
43.

(C:\Users\Otto\AppData\Local\Programs\MiKTeX\tex/latex/concmath\omsccsy.fd
File: omsccsy.fd 1999/03/10 v2.0b LaTeX font defs for Concrete math fonts
)
LaTeX Font Info:    Trying to load font information for OMX+ccex on input line 
43.

(C:\Users\Otto\AppData\Local\Programs\MiKTeX\tex/latex/concmath\omxccex.fd
File: omxccex.fd 1999/03/10 v2.0b LaTeX font defs for Concrete math fonts
)
LaTeX Font Info:    External font `xccex10' loaded for size
(Font)              <10.95> on input line 43.
LaTeX Font Info:    External font `xccex10' loaded for size
(Font)              <8> on input line 43.
LaTeX Font Info:    External font `xccex10' loaded for size
(Font)              <6> on input line 43.


LaTeX Font Warning: Font shape `OT1/ccr/b/n' undefined
(Font)              using `OT1/ccr/bx/n' instead on input line 43.

LaTeX Font Info:    Font shape `OT1/ccr/bx/n' in size <10.95> not available
(Font)              Font shape `OT1/cmr/bx/n' tried instead on input line 43.

LaTeX Font Warning: Font shape `OT1/ccr/b/n' undefined
(Font)              using `OT1/ccr/bx/n' instead on input line 43.


LaTeX Font Warning: Font shape `OT1/ccr/b/n' undefined
(Font)              using `OT1/ccr/bx/n' instead on input line 43.


LaTeX Font Warning: Font shape `OT1/ccr/b/n' undefined
(Font)              using `OT1/ccr/bx/n' instead on input line 43.


LaTeX Font Warning: Font shape `OT1/ccr/b/n' undefined
(Font)              using `OT1/ccr/bx/n' instead on input line 43.


LaTeX Font Warning: Font shape `OT1/ccr/b/n' undefined
(Font)              using `OT1/ccr/bx/n' instead on input line 43.


LaTeX Font Warning: Font shape `OT1/ccr/b/n' undefined
(Font)              using `OT1/ccr/bx/n' instead on input line 43.


LaTeX Font Warning: Font shape `OT1/ccr/b/n' undefined
(Font)              using `OT1/ccr/bx/n' instead on input line 43.


LaTeX Font Warning: Font shape `OT1/ccr/b/n' undefined
(Font)              using `OT1/ccr/bx/n' instead on input line 43.


LaTeX Font Warning: Font shape `OT1/ccr/b/n' undefined
(Font)              using `OT1/ccr/bx/n' instead on input line 43.


LaTeX Font Warning: Font shape `OT1/ccr/b/n' undefined
(Font)              using `OT1/ccr/bx/n' instead on input line 43.


LaTeX Font Warning: Font shape `OT1/ccr/b/n' undefined
(Font)              using `OT1/ccr/bx/n' instead on input line 43.


LaTeX Font Warning: Font shape `OT1/ccr/b/n' undefined
(Font)              using `OT1/ccr/bx/n' instead on input line 43.

[5]

LaTeX Font Warning: Font shape `OT1/ccr/b/n' undefined
(Font)              using `OT1/ccr/bx/n' instead on input line 68.


LaTeX Font Warning: Font shape `OT1/ccr/b/n' undefined
(Font)              using `OT1/ccr/bx/n' instead on input line 75.


LaTeX Warning: Hyper reference `skill:Climb' on page 6 undefined on input line 
82.


LaTeX Warning: Hyper reference `skill:Jump' on page 6 undefined on input line 8
2.


LaTeX Warning: Hyper reference `skill:Swim' on page 6 undefined on input line 8
2.


LaTeX Font Warning: Font shape `OT1/ccr/b/n' undefined
(Font)              using `OT1/ccr/bx/n' instead on input line 86.


LaTeX Warning: Hyper reference `skill:Balance' on page 6 undefined on input lin
e 94.


LaTeX Warning: Hyper reference `skill:Escape Artist' on page 6 undefined on inp
ut line 94.


LaTeX Warning: Hyper reference `skill:Ride' on page 6 undefined on input line 9
4.


LaTeX Warning: Hyper reference `skill:Sleight of Hand' on page 6 undefined on i
nput line 94.


LaTeX Warning: Hyper reference `skill:Hide' on page 6 undefined on input line 9
4.


LaTeX Warning: Hyper reference `skill:Tumble' on page 6 undefined on input line
 94.


LaTeX Warning: Hyper reference `skill:Use Rope' on page 6 undefined on input li
ne 94.


LaTeX Font Warning: Font shape `OT1/ccr/b/n' undefined
(Font)              using `OT1/ccr/bx/n' instead on input line 97.


LaTeX Warning: Hyper reference `skill:Concentration' on page 6 undefined on inp
ut line 104.


LaTeX Warning: Hyper reference `skill:Concentration' on page 6 undefined on inp
ut line 104.


LaTeX Font Warning: Font shape `OT1/ccr/b/n' undefined
(Font)              using `OT1/ccr/bx/n' instead on input line 108.

[6]

LaTeX Warning: Hyper reference `skill:Appraise' on page 7 undefined on input li
ne 115.


LaTeX Warning: Hyper reference `skill:Craft' on page 7 undefined on input line 
115.


LaTeX Warning: Hyper reference `skill:Decipher Script' on page 7 undefined on i
nput line 115.


LaTeX Warning: Hyper reference `skill:Disable Device' on page 7 undefined on in
put line 115.


LaTeX Warning: Hyper reference `skill:Forgery' on page 7 undefined on input lin
e 115.


LaTeX Warning: Hyper reference `skill:Knowledge' on page 7 undefined on input l
ine 115.


LaTeX Warning: Hyper reference `skill:Search' on page 7 undefined on input line
 115.


LaTeX Warning: Hyper reference `skill:Spellcraft' on page 7 undefined on input 
line 115.


LaTeX Font Warning: Font shape `OT1/ccr/b/n' undefined
(Font)              using `OT1/ccr/bx/n' instead on input line 121.


LaTeX Warning: Hyper reference `skill:Heal' on page 7 undefined on input line 1
27.


LaTeX Warning: Hyper reference `skill:Profession' on page 7 undefined on input 
line 127.


LaTeX Warning: Hyper reference `skill:Sense Motive' on page 7 undefined on inpu
t line 127.


LaTeX Warning: Hyper reference `skill:Survival' on page 7 undefined on input li
ne 127.


LaTeX Font Warning: Font shape `OT1/ccr/b/n' undefined
(Font)              using `OT1/ccr/bx/n' instead on input line 131.


LaTeX Warning: Hyper reference `skill:Bluff' on page 7 undefined on input line 
136.


LaTeX Warning: Hyper reference `skill:Diplomacy' on page 7 undefined on input l
ine 136.


LaTeX Warning: Hyper reference `skill:Disguise' on page 7 undefined on input li
ne 136.


LaTeX Warning: Hyper reference `skill:Gather Information' on page 7 undefined o
n input line 136.


LaTeX Warning: Hyper reference `skill:Handle Animal' on page 7 undefined on inp
ut line 136.


LaTeX Warning: Hyper reference `skill:Intimidate' on page 7 undefined on input 
line 136.


LaTeX Warning: Hyper reference `skill:Perform' on page 7 undefined on input lin
e 136.


LaTeX Warning: Hyper reference `skill:Use Magic Device' on page 7 undefined on 
input line 136.

)
(D:/D&D 3.-3.5E/The Tome - Files/The Tome - Hexenstag\chapter-heads/02-characte
r-creation.tex [7]

LaTeX Font Warning: Font shape `OT1/ccr/b/n' undefined
(Font)              using `OT1/ccr/bx/n' instead on input line 3.


LaTeX Font Warning: Font shape `OT1/ccr/b/n' undefined
(Font)              using `OT1/ccr/bx/n' instead on input line 8.


LaTeX Warning: Hyper reference `sec:Generating Your Stats' on page 8 undefined 
on input line 16.


LaTeX Font Warning: Font shape `OT1/ccr/b/n' undefined
(Font)              using `OT1/ccr/bx/n' instead on input line 23.


LaTeX Font Warning: Font shape `OT1/ccr/b/n' undefined
(Font)              using `OT1/ccr/bx/n' instead on input line 27.


LaTeX Font Warning: Font shape `OT1/ccr/b/n' undefined
(Font)              using `OT1/ccr/bx/n' instead on input line 38.


Overfull \hbox (6.96257pt too wide) in paragraph at lines 44--55
[][] 
 []


LaTeX Font Warning: Font shape `OT1/ccr/b/n' undefined
(Font)              using `OT1/ccr/bx/n' instead on input line 60.

[8


! pdfTeX error (font expansion): auto expansion is only possible with scalable 
fonts.
<argument> ...shipout:D \box_use:N \l_shipout_box 
                                                  \__shipout_drop_firstpage_...
l.63 
     

 
Here is how much of TeX's memory you used:
 21027 strings out of 477417
 339654 string characters out of 5811804
 1960238 words of memory out of 5000000
 41561 multiletter control sequences out of 15000+600000
 572605 words of font info for 130 fonts, out of 8000000 for 9000
 36 hyphenation exceptions out of 8191
 76i,11n,79p,1070b,578s stack positions out of 10000i,1000n,20000p,200000b,200000s
!  ==> Fatal error occurred, no output PDF file produced!
